{"/Users/saijudala/Desktop/Order Management API/controllers/orderController.js": {"path":"/Users/saijudala/Desktop/Order Management API/controllers/orderController.js","statementMap":{"0":{"start":{"line":1,"column":21},"end":{"line":1,"column":56}},"1":{"start":{"line":3,"column":20},"end":{"line":17,"column":1}},"2":{"start":{"line":4,"column":2},"end":{"line":16,"column":3}},"3":{"start":{"line":5,"column":45},"end":{"line":5,"column":53}},"4":{"start":{"line":6,"column":4},"end":{"line":8,"column":5}},"5":{"start":{"line":7,"column":6},"end":{"line":7,"column":95}},"6":{"start":{"line":9,"column":4},"end":{"line":11,"column":5}},"7":{"start":{"line":10,"column":6},"end":{"line":10,"column":84}},"8":{"start":{"line":12,"column":19},"end":{"line":12,"column":83}},"9":{"start":{"line":13,"column":4},"end":{"line":13,"column":40}},"10":{"start":{"line":15,"column":4},"end":{"line":15,"column":91}},"11":{"start":{"line":19,"column":21},"end":{"line":26,"column":1}},"12":{"start":{"line":20,"column":2},"end":{"line":25,"column":3}},"13":{"start":{"line":21,"column":19},"end":{"line":21,"column":52}},"14":{"start":{"line":22,"column":4},"end":{"line":22,"column":40}},"15":{"start":{"line":24,"column":4},"end":{"line":24,"column":91}},"16":{"start":{"line":28,"column":21},"end":{"line":36,"column":1}},"17":{"start":{"line":29,"column":2},"end":{"line":35,"column":3}},"18":{"start":{"line":30,"column":18},"end":{"line":30,"column":64}},"19":{"start":{"line":31,"column":4},"end":{"line":31,"column":75}},"20":{"start":{"line":31,"column":16},"end":{"line":31,"column":75}},"21":{"start":{"line":32,"column":4},"end":{"line":32,"column":39}},"22":{"start":{"line":34,"column":4},"end":{"line":34,"column":91}},"23":{"start":{"line":38,"column":26},"end":{"line":52,"column":1}},"24":{"start":{"line":39,"column":2},"end":{"line":51,"column":3}},"25":{"start":{"line":40,"column":23},"end":{"line":40,"column":31}},"26":{"start":{"line":41,"column":26},"end":{"line":41,"column":88}},"27":{"start":{"line":42,"column":4},"end":{"line":44,"column":5}},"28":{"start":{"line":43,"column":6},"end":{"line":43,"column":99}},"29":{"start":{"line":45,"column":18},"end":{"line":45,"column":64}},"30":{"start":{"line":46,"column":4},"end":{"line":46,"column":75}},"31":{"start":{"line":46,"column":16},"end":{"line":46,"column":75}},"32":{"start":{"line":47,"column":20},"end":{"line":47,"column":79}},"33":{"start":{"line":48,"column":4},"end":{"line":48,"column":79}},"34":{"start":{"line":50,"column":4},"end":{"line":50,"column":91}},"35":{"start":{"line":54,"column":20},"end":{"line":63,"column":1}},"36":{"start":{"line":55,"column":2},"end":{"line":62,"column":3}},"37":{"start":{"line":56,"column":18},"end":{"line":56,"column":64}},"38":{"start":{"line":57,"column":4},"end":{"line":57,"column":75}},"39":{"start":{"line":57,"column":16},"end":{"line":57,"column":75}},"40":{"start":{"line":58,"column":4},"end":{"line":58,"column":50}},"41":{"start":{"line":59,"column":4},"end":{"line":59,"column":76}},"42":{"start":{"line":61,"column":4},"end":{"line":61,"column":91}},"43":{"start":{"line":65,"column":0},"end":{"line":65,"column":93}}},"fnMap":{"0":{"name":"(anonymous_0)","decl":{"start":{"line":3,"column":20},"end":{"line":3,"column":21}},"loc":{"start":{"line":3,"column":40},"end":{"line":17,"column":1}},"line":3},"1":{"name":"(anonymous_1)","decl":{"start":{"line":19,"column":21},"end":{"line":19,"column":22}},"loc":{"start":{"line":19,"column":41},"end":{"line":26,"column":1}},"line":19},"2":{"name":"(anonymous_2)","decl":{"start":{"line":28,"column":21},"end":{"line":28,"column":22}},"loc":{"start":{"line":28,"column":41},"end":{"line":36,"column":1}},"line":28},"3":{"name":"(anonymous_3)","decl":{"start":{"line":38,"column":26},"end":{"line":38,"column":27}},"loc":{"start":{"line":38,"column":46},"end":{"line":52,"column":1}},"line":38},"4":{"name":"(anonymous_4)","decl":{"start":{"line":54,"column":20},"end":{"line":54,"column":21}},"loc":{"start":{"line":54,"column":40},"end":{"line":63,"column":1}},"line":54}},"branchMap":{"0":{"loc":{"start":{"line":6,"column":4},"end":{"line":8,"column":5}},"type":"if","locations":[{"start":{"line":6,"column":4},"end":{"line":8,"column":5}},{"start":{},"end":{}}],"line":6},"1":{"loc":{"start":{"line":6,"column":8},"end":{"line":6,"column":77}},"type":"binary-expr","locations":[{"start":{"line":6,"column":8},"end":{"line":6,"column":21}},{"start":{"line":6,"column":25},"end":{"line":6,"column":30}},{"start":{"line":6,"column":34},"end":{"line":6,"column":56}},{"start":{"line":6,"column":60},"end":{"line":6,"column":77}}],"line":6},"2":{"loc":{"start":{"line":9,"column":4},"end":{"line":11,"column":5}},"type":"if","locations":[{"start":{"line":9,"column":4},"end":{"line":11,"column":5}},{"start":{},"end":{}}],"line":9},"3":{"loc":{"start":{"line":9,"column":8},"end":{"line":9,"column":53}},"type":"binary-expr","locations":[{"start":{"line":9,"column":8},"end":{"line":9,"column":36}},{"start":{"line":9,"column":40},"end":{"line":9,"column":53}}],"line":9},"4":{"loc":{"start":{"line":31,"column":4},"end":{"line":31,"column":75}},"type":"if","locations":[{"start":{"line":31,"column":4},"end":{"line":31,"column":75}},{"start":{},"end":{}}],"line":31},"5":{"loc":{"start":{"line":42,"column":4},"end":{"line":44,"column":5}},"type":"if","locations":[{"start":{"line":42,"column":4},"end":{"line":44,"column":5}},{"start":{},"end":{}}],"line":42},"6":{"loc":{"start":{"line":42,"column":8},"end":{"line":42,"column":50}},"type":"binary-expr","locations":[{"start":{"line":42,"column":8},"end":{"line":42,"column":15}},{"start":{"line":42,"column":19},"end":{"line":42,"column":50}}],"line":42},"7":{"loc":{"start":{"line":46,"column":4},"end":{"line":46,"column":75}},"type":"if","locations":[{"start":{"line":46,"column":4},"end":{"line":46,"column":75}},{"start":{},"end":{}}],"line":46},"8":{"loc":{"start":{"line":57,"column":4},"end":{"line":57,"column":75}},"type":"if","locations":[{"start":{"line":57,"column":4},"end":{"line":57,"column":75}},{"start":{},"end":{}}],"line":57}},"s":{"0":1,"1":1,"2":9,"3":9,"4":9,"5":3,"6":6,"7":2,"8":4,"9":3,"10":1,"11":1,"12":3,"13":3,"14":2,"15":1,"16":1,"17":3,"18":3,"19":2,"20":1,"21":1,"22":1,"23":1,"24":11,"25":11,"26":11,"27":11,"28":3,"29":8,"30":7,"31":1,"32":6,"33":6,"34":1,"35":1,"36":3,"37":3,"38":2,"39":1,"40":1,"41":1,"42":1,"43":1},"f":{"0":9,"1":3,"2":3,"3":11,"4":3},"b":{"0":[3,6],"1":[9,8,7,6],"2":[2,4],"3":[6,6],"4":[1,1],"5":[3,8],"6":[11,9],"7":[1,6],"8":[1,1]},"_coverageSchema":"1a1c01bbd47fc00a2c39e90264f33305004495a9","hash":"96b3cdaf9ef6e8b1ce1a9605dc5cc1f4e025a4be"}
,"/Users/saijudala/Desktop/Order Management API/services/orderService.js": {"path":"/Users/saijudala/Desktop/Order Management API/services/orderService.js","statementMap":{"0":{"start":{"line":1,"column":17},"end":{"line":1,"column":42}},"1":{"start":{"line":2,"column":23},"end":{"line":2,"column":38}},"2":{"start":{"line":4,"column":11},"end":{"line":4,"column":36}},"3":{"start":{"line":5,"column":0},"end":{"line":14,"column":3}},"4":{"start":{"line":17,"column":2},"end":{"line":19,"column":5}},"5":{"start":{"line":18,"column":4},"end":{"line":18,"column":81}},"6":{"start":{"line":18,"column":21},"end":{"line":18,"column":73}},"7":{"start":{"line":22,"column":20},"end":{"line":36,"column":1}},"8":{"start":{"line":23,"column":18},"end":{"line":23,"column":48}},"9":{"start":{"line":24,"column":2},"end":{"line":24,"column":60}},"10":{"start":{"line":24,"column":25},"end":{"line":24,"column":60}},"11":{"start":{"line":25,"column":19},"end":{"line":32,"column":3}},"12":{"start":{"line":33,"column":2},"end":{"line":34,"column":87}},"13":{"start":{"line":35,"column":2},"end":{"line":35,"column":107}},"14":{"start":{"line":38,"column":21},"end":{"line":40,"column":1}},"15":{"start":{"line":39,"column":2},"end":{"line":39,"column":50}},"16":{"start":{"line":42,"column":21},"end":{"line":44,"column":1}},"17":{"start":{"line":43,"column":2},"end":{"line":43,"column":73}},"18":{"start":{"line":46,"column":26},"end":{"line":49,"column":1}},"19":{"start":{"line":47,"column":2},"end":{"line":47,"column":74}},"20":{"start":{"line":48,"column":2},"end":{"line":48,"column":65}},"21":{"start":{"line":51,"column":20},"end":{"line":53,"column":1}},"22":{"start":{"line":52,"column":2},"end":{"line":52,"column":56}},"23":{"start":{"line":55,"column":0},"end":{"line":55,"column":93}}},"fnMap":{"0":{"name":"simulatePaymentGateway","decl":{"start":{"line":16,"column":9},"end":{"line":16,"column":31}},"loc":{"start":{"line":16,"column":34},"end":{"line":20,"column":1}},"line":16},"1":{"name":"(anonymous_1)","decl":{"start":{"line":17,"column":21},"end":{"line":17,"column":22}},"loc":{"start":{"line":17,"column":34},"end":{"line":19,"column":3}},"line":17},"2":{"name":"(anonymous_2)","decl":{"start":{"line":18,"column":15},"end":{"line":18,"column":16}},"loc":{"start":{"line":18,"column":21},"end":{"line":18,"column":73}},"line":18},"3":{"name":"(anonymous_3)","decl":{"start":{"line":22,"column":20},"end":{"line":22,"column":21}},"loc":{"start":{"line":22,"column":64},"end":{"line":36,"column":1}},"line":22},"4":{"name":"(anonymous_4)","decl":{"start":{"line":38,"column":21},"end":{"line":38,"column":22}},"loc":{"start":{"line":38,"column":33},"end":{"line":40,"column":1}},"line":38},"5":{"name":"(anonymous_5)","decl":{"start":{"line":42,"column":21},"end":{"line":42,"column":22}},"loc":{"start":{"line":42,"column":35},"end":{"line":44,"column":1}},"line":42},"6":{"name":"(anonymous_6)","decl":{"start":{"line":46,"column":26},"end":{"line":46,"column":27}},"loc":{"start":{"line":46,"column":48},"end":{"line":49,"column":1}},"line":46},"7":{"name":"(anonymous_7)","decl":{"start":{"line":51,"column":20},"end":{"line":51,"column":21}},"loc":{"start":{"line":51,"column":34},"end":{"line":53,"column":1}},"line":51}},"branchMap":{"0":{"loc":{"start":{"line":24,"column":2},"end":{"line":24,"column":60}},"type":"if","locations":[{"start":{"line":24,"column":2},"end":{"line":24,"column":60}},{"start":{},"end":{}}],"line":24},"1":{"loc":{"start":{"line":43,"column":9},"end":{"line":43,"column":72}},"type":"binary-expr","locations":[{"start":{"line":43,"column":9},"end":{"line":43,"column":64}},{"start":{"line":43,"column":68},"end":{"line":43,"column":72}}],"line":43}},"s":{"0":1,"1":1,"2":1,"3":1,"4":0,"5":0,"6":0,"7":1,"8":0,"9":0,"10":0,"11":0,"12":0,"13":0,"14":1,"15":0,"16":1,"17":0,"18":1,"19":0,"20":0,"21":1,"22":0,"23":1},"f":{"0":0,"1":0,"2":0,"3":0,"4":0,"5":0,"6":0,"7":0},"b":{"0":[0,0],"1":[0,0]},"_coverageSchema":"1a1c01bbd47fc00a2c39e90264f33305004495a9","hash":"88df4f0b1902086cb1e9ad03f801f794d22ea537"}
}
