TN:
SF:controllers/orderController.js
FN:3,(anonymous_0)
FN:19,(anonymous_1)
FN:28,(anonymous_2)
FN:38,(anonymous_3)
FN:54,(anonymous_4)
FNF:5
FNH:5
FNDA:9,(anonymous_0)
FNDA:3,(anonymous_1)
FNDA:3,(anonymous_2)
FNDA:11,(anonymous_3)
FNDA:3,(anonymous_4)
DA:1,1
DA:3,1
DA:4,9
DA:5,9
DA:6,9
DA:7,3
DA:9,6
DA:10,2
DA:12,4
DA:13,3
DA:15,1
DA:19,1
DA:20,3
DA:21,3
DA:22,2
DA:24,1
DA:28,1
DA:29,3
DA:30,3
DA:31,2
DA:32,1
DA:34,1
DA:38,1
DA:39,11
DA:40,11
DA:41,11
DA:42,11
DA:43,3
DA:45,8
DA:46,7
DA:47,6
DA:48,6
DA:50,1
DA:54,1
DA:55,3
DA:56,3
DA:57,2
DA:58,1
DA:59,1
DA:61,1
DA:65,1
LF:41
LH:41
BRDA:6,0,0,3
BRDA:6,0,1,6
BRDA:6,1,0,9
BRDA:6,1,1,8
BRDA:6,1,2,7
BRDA:6,1,3,6
BRDA:9,2,0,2
BRDA:9,2,1,4
BRDA:9,3,0,6
BRDA:9,3,1,6
BRDA:31,4,0,1
BRDA:31,4,1,1
BRDA:42,5,0,3
BRDA:42,5,1,8
BRDA:42,6,0,11
BRDA:42,6,1,9
BRDA:46,7,0,1
BRDA:46,7,1,6
BRDA:57,8,0,1
BRDA:57,8,1,1
BRF:20
BRH:20
end_of_record
TN:
SF:services/orderService.js
FN:16,simulatePaymentGateway
FN:17,(anonymous_1)
FN:18,(anonymous_2)
FN:22,(anonymous_3)
FN:38,(anonymous_4)
FN:42,(anonymous_5)
FN:46,(anonymous_6)
FN:51,(anonymous_7)
FNF:8
FNH:0
FNDA:0,simulatePaymentGateway
FNDA:0,(anonymous_1)
FNDA:0,(anonymous_2)
FNDA:0,(anonymous_3)
FNDA:0,(anonymous_4)
FNDA:0,(anonymous_5)
FNDA:0,(anonymous_6)
FNDA:0,(anonymous_7)
DA:1,1
DA:2,1
DA:4,1
DA:5,1
DA:17,0
DA:18,0
DA:22,1
DA:23,0
DA:24,0
DA:25,0
DA:33,0
DA:35,0
DA:38,1
DA:39,0
DA:42,1
DA:43,0
DA:46,1
DA:47,0
DA:48,0
DA:51,1
DA:52,0
DA:55,1
LF:22
LH:10
BRDA:24,0,0,0
BRDA:24,0,1,0
BRDA:43,1,0,0
BRDA:43,1,1,0
BRF:4
BRH:0
end_of_record
